f:\documents\university\year2\games engine construction\ica\glassengine\glassengine\debug\vc120.pdb
f:\documents\university\year2\games engine construction\ica\glassengine\glassengine\debug\vc120.idb
f:\documents\university\year2\games engine construction\ica\glassengine\glassengine\debug\glassincludes.nativecodeanalysis.xml
f:\documents\university\year2\games engine construction\ica\glassengine\glassengine\debug\glassobject.nativecodeanalysis.xml
f:\documents\university\year2\games engine construction\ica\glassengine\glassengine\debug\glassparticles.nativecodeanalysis.xml
f:\documents\university\year2\games engine construction\ica\glassengine\glassengine\debug\glasssprite.nativecodeanalysis.xml
f:\documents\university\year2\games engine construction\ica\glassengine\glassengine\debug\main.nativecodeanalysis.xml
f:\documents\university\year2\games engine construction\ica\glassengine\glassengine\debug\main.obj
f:\documents\university\year2\games engine construction\ica\glassengine\glassengine\debug\glasssprite.obj
f:\documents\university\year2\games engine construction\ica\glassengine\glassengine\debug\glassparticles.obj
f:\documents\university\year2\games engine construction\ica\glassengine\glassengine\debug\glassobject.obj
f:\documents\university\year2\games engine construction\ica\glassengine\glassengine\debug\glassincludes.obj
f:\documents\university\year2\games engine construction\ica\glassengine\debug\glassengine.ilk
f:\documents\university\year2\games engine construction\ica\glassengine\debug\glassengine.exe
f:\documents\university\year2\games engine construction\ica\glassengine\debug\glassengine.pdb
f:\documents\university\year2\games engine construction\ica\glassengine\glassengine\debug\nativecodeanalysis.read.1.tlog
f:\documents\university\year2\games engine construction\ica\glassengine\glassengine\debug\vc.nativecodeanalysis.all.xml
f:\documents\university\year2\games engine construction\ica\glassengine\debug\glassengine.exe.lastcodeanalysissucceeded
f:\documents\university\year2\games engine construction\ica\glassengine\glassengine\debug\glassengine.tlog\cl.command.1.tlog
f:\documents\university\year2\games engine construction\ica\glassengine\glassengine\debug\glassengine.tlog\cl.read.1.tlog
f:\documents\university\year2\games engine construction\ica\glassengine\glassengine\debug\glassengine.tlog\cl.write.1.tlog
f:\documents\university\year2\games engine construction\ica\glassengine\glassengine\debug\glassengine.tlog\link.command.1.tlog
f:\documents\university\year2\games engine construction\ica\glassengine\glassengine\debug\glassengine.tlog\link.read.1.tlog
f:\documents\university\year2\games engine construction\ica\glassengine\glassengine\debug\glassengine.tlog\link.write.1.tlog
