Build started 10/28/2015 11:31:17 AM.
     1>Project "C:\Users\Freddie Babord\GlassEngine\GlassEngine\GlassEngine.vcxproj" on node 2 (Build target(s)).
     1>ClCompile:
         C:\Program Files (x86)\Microsoft Visual Studio 12.0\VC\bin\CL.exe /c /IHAPI /Zi /nologo /W3 /WX- /O2 /Oi /Oy- /GL /D WIN32 /D NDEBUG /D _WINDOWS /D _MBCS /Gm- /EHsc /MD /GS /Gy /fp:precise /Zc:wchar_t /Zc:forScope /Fo"Release\\" /Fd"Release\vc120.pdb" /Gd /TP /analyze- /errorReport:prompt main.cpp
         main.cpp
       Link:
         C:\Program Files (x86)\Microsoft Visual Studio 12.0\VC\bin\link.exe /ERRORREPORT:PROMPT /OUT:"C:\Users\Freddie Babord\GlassEngine\Release\GlassEngine.exe" /INCREMENTAL:NO /NOLOGO /LIBPATH:HAPI HAPI.lib kernel32.lib user32.lib gdi32.lib winspool.lib comdlg32.lib advapi32.lib shell32.lib ole32.lib oleaut32.lib uuid.lib odbc32.lib odbccp32.lib kernel32.lib user32.lib gdi32.lib winspool.lib comdlg32.lib advapi32.lib shell32.lib ole32.lib oleaut32.lib uuid.lib odbc32.lib odbccp32.lib /MANIFEST /MANIFESTUAC:"level='asInvoker' uiAccess='false'" /manifest:embed /DEBUG /PDB:"C:\Users\Freddie Babord\GlassEngine\Release\GlassEngine.pdb" /SUBSYSTEM:WINDOWS /OPT:REF /OPT:ICF /LTCG /TLBID:1 /DYNAMICBASE /NXCOMPAT /IMPLIB:"C:\Users\Freddie Babord\GlassEngine\Release\GlassEngine.lib" /MACHINE:X86 /SAFESEH Release\main.obj
         Generating code
         Finished generating code
     1>HAPI.lib(HapiMain.obj) : warning LNK4099: PDB 'vc120.pdb' was not found with 'HAPI.lib(HapiMain.obj)' or at 'C:\Users\Freddie Babord\GlassEngine\Release\vc120.pdb'; linking object as if no debug info
     1>HAPI.lib(stdafx.obj) : warning LNK4099: PDB 'vc120.pdb' was not found with 'HAPI.lib(stdafx.obj)' or at 'C:\Users\Freddie Babord\GlassEngine\Release\vc120.pdb'; linking object as if no debug info
     1>HAPI.lib(Error.obj) : warning LNK4099: PDB 'vc120.pdb' was not found with 'HAPI.lib(Error.obj)' or at 'C:\Users\Freddie Babord\GlassEngine\Release\vc120.pdb'; linking object as if no debug info
     1>HAPI.lib(HapiCore.obj) : warning LNK4099: PDB 'vc120.pdb' was not found with 'HAPI.lib(HapiCore.obj)' or at 'C:\Users\Freddie Babord\GlassEngine\Release\vc120.pdb'; linking object as if no debug info
     1>HAPI.lib(PerfCounters.obj) : warning LNK4099: PDB 'vc120.pdb' was not found with 'HAPI.lib(PerfCounters.obj)' or at 'C:\Users\Freddie Babord\GlassEngine\Release\vc120.pdb'; linking object as if no debug info
     1>HAPI.lib(HapiRendererSDL.obj) : warning LNK4099: PDB 'vc120.pdb' was not found with 'HAPI.lib(HapiRendererSDL.obj)' or at 'C:\Users\Freddie Babord\GlassEngine\Release\vc120.pdb'; linking object as if no debug info
     1>HAPI.lib(HapiSoundSDLMixer.obj) : warning LNK4099: PDB 'vc120.pdb' was not found with 'HAPI.lib(HapiSoundSDLMixer.obj)' or at 'C:\Users\Freddie Babord\GlassEngine\Release\vc120.pdb'; linking object as if no debug info
     1>HAPI.lib(HapiInputOs.obj) : warning LNK4099: PDB 'vc120.pdb' was not found with 'HAPI.lib(HapiInputOs.obj)' or at 'C:\Users\Freddie Babord\GlassEngine\Release\vc120.pdb'; linking object as if no debug info
     1>HAPI.lib(ImageLoader.obj) : warning LNK4099: PDB 'vc120.pdb' was not found with 'HAPI.lib(ImageLoader.obj)' or at 'C:\Users\Freddie Babord\GlassEngine\Release\vc120.pdb'; linking object as if no debug info
     1>HAPI.lib(FTFontManager.obj) : warning LNK4099: PDB 'vc120.pdb' was not found with 'HAPI.lib(FTFontManager.obj)' or at 'C:\Users\Freddie Babord\GlassEngine\Release\vc120.pdb'; linking object as if no debug info
     1>HAPI.lib(FTFont.obj) : warning LNK4099: PDB 'vc120.pdb' was not found with 'HAPI.lib(FTFont.obj)' or at 'C:\Users\Freddie Babord\GlassEngine\Release\vc120.pdb'; linking object as if no debug info
     1>HAPI.lib(HapiOsSDL.obj) : warning LNK4099: PDB 'vc120.pdb' was not found with 'HAPI.lib(HapiOsSDL.obj)' or at 'C:\Users\Freddie Babord\GlassEngine\Release\vc120.pdb'; linking object as if no debug info
     1>HAPI.lib(SDL2GameController.obj) : warning LNK4099: PDB 'vc120.pdb' was not found with 'HAPI.lib(SDL2GameController.obj)' or at 'C:\Users\Freddie Babord\GlassEngine\Release\vc120.pdb'; linking object as if no debug info
         GlassEngine.vcxproj -> C:\Users\Freddie Babord\GlassEngine\Release\GlassEngine.exe
     1>Done Building Project "C:\Users\Freddie Babord\GlassEngine\GlassEngine\GlassEngine.vcxproj" (Build target(s)).

Build succeeded.

Time Elapsed 00:00:01.26
