f:\glass engine v3\glassengine\glassengine\x64\release\glassengine.res
f:\glass engine v3\glassengine - copy\glassengine\x64\release\glassengine.res
f:\glass engine v3\glassengine\glassengine\x64\release\vc120.pdb
f:\glass engine v3\glassengine\glassengine\x64\release\pugixml.obj
f:\glass engine v3\glassengine\glassengine\x64\release\precomp.obj
f:\glass engine v3\glassengine\glassengine\x64\release\glassparticle.obj
f:\glass engine v3\glassengine\glassengine\x64\release\glassspritesheet.obj
f:\glass engine v3\glassengine\glassengine\x64\release\glasssprite.obj
f:\glass engine v3\glassengine\glassengine\x64\release\glassmaths.obj
f:\glass engine v3\glassengine\glassengine\x64\release\gameobject.obj
f:\glass engine v3\glassengine\glassengine\x64\release\player.obj
f:\glass engine v3\glassengine\glassengine\x64\release\glassparticlesystem.obj
f:\glass engine v3\glassengine\glassengine\x64\release\main.obj
f:\glass engine v3\glassengine\glassengine\x64\release\game.obj
f:\glass engine v3\glassengine\glassengine\x64\release\glasslevel.obj
f:\glass engine v3\glassengine\glassengine\x64\release\glasscore.obj
f:\glass engine v3\glassengine\glassengine\x64\release\glassrenderer.obj
f:\glass engine v3\glassengine - copy\glassengine\x64\release\vc120.pdb
f:\glass engine v3\glassengine - copy\glassengine\x64\release\precomp.obj
f:\glass engine v3\glassengine - copy\glassengine\x64\release\main.obj
f:\glass engine v3\glassengine - copy\glassengine\x64\release\glassengine.pch
f:\glass engine v3\glassengine - copy\glassengine\x64\release\rendermanager.obj
f:\glass engine v3\glassengine - copy\glassengine\x64\release\engine.obj
f:\glass engine v3\glassengine\x64\release\glassengine.exe
f:\glass engine v3\glassengine\x64\release\glassengine.pdb
f:\glass engine v3\glassengine - copy\x64\release\glassengine.exe
f:\glass engine v3\glassengine - copy\x64\release\glassengine.pdb
f:\glass engine v3\glassengine - copy\glassengine\x64\release\glassrenderer.obj
f:\glass engine v3\glassengine - copy\glassengine\x64\release\glasslevel.obj
f:\glass engine v3\glassengine - copy\glassengine\x64\release\game.obj
f:\glass engine v3\glassengine - copy\glassengine\x64\release\glasscore.obj
f:\glass engine v3\glassengine - copy\glassengine\x64\release\pugixml.obj
f:\glass engine v3\glassengine - copy\glassengine\x64\release\glassparticle.obj
f:\glass engine v3\glassengine - copy\glassengine\x64\release\glassspritesheet.obj
f:\glass engine v3\glassengine - copy\glassengine\x64\release\glasssprite.obj
f:\glass engine v3\glassengine - copy\glassengine\x64\release\glassmaths.obj
f:\glass engine v3\glassengine - copy\glassengine\x64\release\gameobject.obj
f:\glass engine v3\glassengine - copy\glassengine\x64\release\player.obj
f:\glass engine v3\glassengine - copy\glassengine\x64\release\glassparticlesystem.obj
f:\glass engine v3\glassengine - copy\glassengine\x64\release\glassengine.tlog\cl.command.1.tlog
f:\glass engine v3\glassengine - copy\glassengine\x64\release\glassengine.tlog\rc.read.1.tlog
f:\glass engine v3\glassengine - copy\glassengine\x64\release\glassengine.tlog\rc.command.1.tlog
f:\glass engine v3\glassengine - copy\glassengine\x64\release\glassengine.tlog\link.command.1.tlog
f:\glass engine v3\glassengine - copy\glassengine\x64\release\glassengine.tlog\link.read.1.tlog
f:\glass engine v3\glassengine - copy\glassengine\x64\release\glassengine.tlog\rc.write.1.tlog
f:\glass engine v3\glassengine - copy\glassengine\x64\release\glassengine.tlog\cl.write.1.tlog
f:\glass engine v3\glassengine - copy\glassengine\x64\release\glassengine.tlog\link.write.1.tlog
f:\glass engine v3\glassengine - copy\glassengine\x64\release\glassengine.tlog\cl.read.1.tlog
