d:\documents\github\gamesengineconstruction2015-2016\glassengine\x64\debug\glassengine.bsc
d:\documents\github\gamesengineconstruction2015-2016\glassengine\x64\debug\glassengine.ilk
d:\documents\github\gamesengineconstruction2015-2016\glassengine\x64\debug\glassengine.exe
d:\documents\github\gamesengineconstruction2015-2016\glassengine\x64\debug\glassengine.pdb
d:\documents\github\gamesengineconstruction2015-2016\glassengine\glassengine\x64\debug\glassengine.res
d:\documents\github\gamesengineconstruction2015-2016\glassengine\glassengine\x64\debug\vc120.pdb
d:\documents\github\gamesengineconstruction2015-2016\glassengine\glassengine\x64\debug\vc120.idb
d:\documents\github\gamesengineconstruction2015-2016\glassengine\glassengine\x64\debug\precomp.sbr
d:\documents\github\gamesengineconstruction2015-2016\glassengine\glassengine\x64\debug\glassengine.pch
d:\documents\github\gamesengineconstruction2015-2016\glassengine\glassengine\x64\debug\precomp.obj
d:\documents\github\gamesengineconstruction2015-2016\glassengine\glassengine\x64\debug\pugixml.sbr
d:\documents\github\gamesengineconstruction2015-2016\glassengine\glassengine\x64\debug\utility.sbr
d:\documents\github\gamesengineconstruction2015-2016\glassengine\glassengine\x64\debug\transform.sbr
d:\documents\github\gamesengineconstruction2015-2016\glassengine\glassengine\x64\debug\time.sbr
d:\documents\github\gamesengineconstruction2015-2016\glassengine\glassengine\x64\debug\spritesheet.sbr
d:\documents\github\gamesengineconstruction2015-2016\glassengine\glassengine\x64\debug\sprite.sbr
d:\documents\github\gamesengineconstruction2015-2016\glassengine\glassengine\x64\debug\rigidbody.sbr
d:\documents\github\gamesengineconstruction2015-2016\glassengine\glassengine\x64\debug\rendermanager.sbr
d:\documents\github\gamesengineconstruction2015-2016\glassengine\glassengine\x64\debug\rect.sbr
d:\documents\github\gamesengineconstruction2015-2016\glassengine\glassengine\x64\debug\physicsmanager.sbr
d:\documents\github\gamesengineconstruction2015-2016\glassengine\glassengine\x64\debug\level.sbr
d:\documents\github\gamesengineconstruction2015-2016\glassengine\glassengine\x64\debug\inputmanager.sbr
d:\documents\github\gamesengineconstruction2015-2016\glassengine\glassengine\x64\debug\gameobject.sbr
d:\documents\github\gamesengineconstruction2015-2016\glassengine\glassengine\x64\debug\game.sbr
d:\documents\github\gamesengineconstruction2015-2016\glassengine\glassengine\x64\debug\engine.sbr
d:\documents\github\gamesengineconstruction2015-2016\glassengine\glassengine\x64\debug\component.sbr
d:\documents\github\gamesengineconstruction2015-2016\glassengine\glassengine\x64\debug\component.obj
d:\documents\github\gamesengineconstruction2015-2016\glassengine\glassengine\x64\debug\inputmanager.obj
d:\documents\github\gamesengineconstruction2015-2016\glassengine\glassengine\x64\debug\level.obj
d:\documents\github\gamesengineconstruction2015-2016\glassengine\glassengine\x64\debug\physicsmanager.obj
d:\documents\github\gamesengineconstruction2015-2016\glassengine\glassengine\x64\debug\rect.obj
d:\documents\github\gamesengineconstruction2015-2016\glassengine\glassengine\x64\debug\rigidbody.obj
d:\documents\github\gamesengineconstruction2015-2016\glassengine\glassengine\x64\debug\sprite.obj
d:\documents\github\gamesengineconstruction2015-2016\glassengine\glassengine\x64\debug\time.obj
d:\documents\github\gamesengineconstruction2015-2016\glassengine\glassengine\x64\debug\transform.obj
d:\documents\github\gamesengineconstruction2015-2016\glassengine\glassengine\x64\debug\utility.obj
d:\documents\github\gamesengineconstruction2015-2016\glassengine\glassengine\x64\debug\pugixml.obj
d:\documents\github\gamesengineconstruction2015-2016\glassengine\glassengine\x64\debug\engine.obj
d:\documents\github\gamesengineconstruction2015-2016\glassengine\glassengine\x64\debug\game.obj
d:\documents\github\gamesengineconstruction2015-2016\glassengine\glassengine\x64\debug\gameobject.obj
d:\documents\github\gamesengineconstruction2015-2016\glassengine\glassengine\x64\debug\spritesheet.obj
d:\documents\github\gamesengineconstruction2015-2016\glassengine\glassengine\x64\debug\rendermanager.obj
d:\documents\github\gamesengineconstruction2015-2016\glassengine\glassengine\x64\debug\main.sbr
d:\documents\github\gamesengineconstruction2015-2016\glassengine\glassengine\x64\debug\main.obj
\\scm-home\p4011584\github\gamesengineconstruction2015-2016\glassengine\glassengine\x64\debug\glassengine.pch
\\scm-home\p4011584\github\gamesengineconstruction2015-2016\glassengine\glassengine\x64\debug\vc120.pdb
\\scm-home\p4011584\github\gamesengineconstruction2015-2016\glassengine\glassengine\x64\debug\vc120.idb
\\scm-home\p4011584\github\gamesengineconstruction2015-2016\glassengine\glassengine\x64\debug\component.obj
\\scm-home\p4011584\github\gamesengineconstruction2015-2016\glassengine\glassengine\x64\debug\engine.obj
\\scm-home\p4011584\github\gamesengineconstruction2015-2016\glassengine\glassengine\x64\debug\game.obj
\\scm-home\p4011584\github\gamesengineconstruction2015-2016\glassengine\glassengine\x64\debug\gameobject.obj
\\scm-home\p4011584\github\gamesengineconstruction2015-2016\glassengine\glassengine\x64\debug\inputmanager.obj
\\scm-home\p4011584\github\gamesengineconstruction2015-2016\glassengine\glassengine\x64\debug\level.obj
\\scm-home\p4011584\github\gamesengineconstruction2015-2016\glassengine\glassengine\x64\debug\physicsmanager.obj
\\scm-home\p4011584\github\gamesengineconstruction2015-2016\glassengine\glassengine\x64\debug\rect.obj
\\scm-home\p4011584\github\gamesengineconstruction2015-2016\glassengine\glassengine\x64\debug\rendermanager.obj
\\scm-home\p4011584\github\gamesengineconstruction2015-2016\glassengine\glassengine\x64\debug\rigidbody.obj
\\scm-home\p4011584\github\gamesengineconstruction2015-2016\glassengine\glassengine\x64\debug\sprite.obj
\\scm-home\p4011584\github\gamesengineconstruction2015-2016\glassengine\glassengine\x64\debug\spritesheet.obj
\\scm-home\p4011584\github\gamesengineconstruction2015-2016\glassengine\glassengine\x64\debug\time.obj
\\scm-home\p4011584\github\gamesengineconstruction2015-2016\glassengine\glassengine\x64\debug\transform.obj
\\scm-home\p4011584\github\gamesengineconstruction2015-2016\glassengine\glassengine\x64\debug\utility.obj
\\scm-home\p4011584\github\gamesengineconstruction2015-2016\glassengine\glassengine\x64\debug\pugixml.obj
\\scm-home\p4011584\github\gamesengineconstruction2015-2016\glassengine\glassengine\x64\debug\main.obj
\\scm-home\p4011584\github\gamesengineconstruction2015-2016\glassengine\glassengine\x64\debug\glassengine.res
\\scm-home\p4011584\github\gamesengineconstruction2015-2016\glassengine\glassengine\x64\debug\inputmanager.sbr
\\scm-home\p4011584\github\gamesengineconstruction2015-2016\glassengine\glassengine\x64\debug\pugixml.sbr
\\scm-home\p4011584\github\gamesengineconstruction2015-2016\glassengine\glassengine\x64\debug\rect.sbr
\\scm-home\p4011584\github\gamesengineconstruction2015-2016\glassengine\glassengine\x64\debug\time.sbr
\\scm-home\p4011584\github\gamesengineconstruction2015-2016\glassengine\glassengine\x64\debug\utility.sbr
\\scm-home\p4011584\github\gamesengineconstruction2015-2016\glassengine\glassengine\x64\debug\component.sbr
\\scm-home\p4011584\github\gamesengineconstruction2015-2016\glassengine\glassengine\x64\debug\engine.sbr
\\scm-home\p4011584\github\gamesengineconstruction2015-2016\glassengine\glassengine\x64\debug\game.sbr
\\scm-home\p4011584\github\gamesengineconstruction2015-2016\glassengine\glassengine\x64\debug\gameobject.sbr
\\scm-home\p4011584\github\gamesengineconstruction2015-2016\glassengine\glassengine\x64\debug\level.sbr
\\scm-home\p4011584\github\gamesengineconstruction2015-2016\glassengine\glassengine\x64\debug\physicsmanager.sbr
\\scm-home\p4011584\github\gamesengineconstruction2015-2016\glassengine\glassengine\x64\debug\rendermanager.sbr
\\scm-home\p4011584\github\gamesengineconstruction2015-2016\glassengine\glassengine\x64\debug\rigidbody.sbr
\\scm-home\p4011584\github\gamesengineconstruction2015-2016\glassengine\glassengine\x64\debug\sprite.sbr
\\scm-home\p4011584\github\gamesengineconstruction2015-2016\glassengine\glassengine\x64\debug\spritesheet.sbr
\\scm-home\p4011584\github\gamesengineconstruction2015-2016\glassengine\glassengine\x64\debug\transform.sbr
\\scm-home\p4011584\github\gamesengineconstruction2015-2016\glassengine\glassengine\x64\debug\main.sbr
\\scm-home\p4011584\github\gamesengineconstruction2015-2016\glassengine\x64\debug\glassengine.pdb
\\scm-home\p4011584\github\gamesengineconstruction2015-2016\glassengine\x64\debug\glassengine.bsc
\\scm-home\p4011584\github\gamesengineconstruction2015-2016\glassengine\x64\debug\glassengine.ilk
\\scm-home\p4011584\github\gamesengineconstruction2015-2016\glassengine\glassengine\x64\debug\glassengine.tlog\bscmake.command.1.tlog
\\scm-home\p4011584\github\gamesengineconstruction2015-2016\glassengine\glassengine\x64\debug\glassengine.tlog\bscmake.read.1.tlog
\\scm-home\p4011584\github\gamesengineconstruction2015-2016\glassengine\glassengine\x64\debug\glassengine.tlog\bscmake.write.1.tlog
\\scm-home\p4011584\github\gamesengineconstruction2015-2016\glassengine\glassengine\x64\debug\glassengine.tlog\cl.command.1.tlog
\\scm-home\p4011584\github\gamesengineconstruction2015-2016\glassengine\glassengine\x64\debug\glassengine.tlog\link.command.1.tlog
\\scm-home\p4011584\github\gamesengineconstruction2015-2016\glassengine\glassengine\x64\debug\glassengine.tlog\link.read.1.tlog
\\scm-home\p4011584\github\gamesengineconstruction2015-2016\glassengine\glassengine\x64\debug\glassengine.tlog\link.write.1.tlog
\\scm-home\p4011584\github\gamesengineconstruction2015-2016\glassengine\glassengine\x64\debug\glassengine.tlog\rc.command.1.tlog
\\scm-home\p4011584\github\gamesengineconstruction2015-2016\glassengine\glassengine\x64\debug\glassengine.tlog\rc.read.1.tlog
\\scm-home\p4011584\github\gamesengineconstruction2015-2016\glassengine\glassengine\x64\debug\glassengine.tlog\rc.write.1.tlog
\\scm-home\p4011584\github\gamesengineconstruction2015-2016\glassengine\glassengine\x64\debug\glassengine.tlog\cl.read.1.tlog
\\scm-home\p4011584\github\gamesengineconstruction2015-2016\glassengine\glassengine\x64\debug\glassengine.tlog\cl.write.1.tlog
