Build started 18/01/2016 20:13:43.
     1>Project "U:\GitHub\GamesEngineConstruction2015-2016\GlassEngine\GlassEngine\GlassEngine.vcxproj" on node 2 (Build target(s)).
     1>ClCompile:
         C:\Program Files (x86)\Microsoft Visual Studio 12.0\VC\bin\x86_amd64\CL.exe /c /IHAPI /IParticleSystem /ICore /Zi /nologo /W3 /WX- /Od /D WIN32 /D _DEBUG /D _WINDOWS /D _MBCS /Gm /EHsc /RTC1 /MDd /GS /fp:precise /Zc:wchar_t /Zc:forScope /Fo"x64\Debug\\" /Fd"x64\Debug\vc120.pdb" /FR"x64\Debug\\" /Gd /TP /errorReport:prompt Engine.cpp
         Engine.cpp
       Link:
         C:\Program Files (x86)\Microsoft Visual Studio 12.0\VC\bin\x86_amd64\link.exe /ERRORREPORT:PROMPT /OUT:"U:\GitHub\GamesEngineConstruction2015-2016\GlassEngine\x64\Debug\GlassEngine.exe" /INCREMENTAL /NOLOGO /LIBPATH:HAPI HAPI_Debug64.lib kernel32.lib user32.lib gdi32.lib winspool.lib comdlg32.lib advapi32.lib shell32.lib ole32.lib oleaut32.lib uuid.lib odbc32.lib odbccp32.lib kernel32.lib user32.lib gdi32.lib winspool.lib comdlg32.lib advapi32.lib shell32.lib ole32.lib oleaut32.lib uuid.lib odbc32.lib odbccp32.lib /MANIFEST /MANIFESTUAC:"level='asInvoker' uiAccess='false'" /manifest:embed /DEBUG /PDB:"U:\GitHub\GamesEngineConstruction2015-2016\GlassEngine\x64\Debug\GlassEngine.pdb" /SUBSYSTEM:WINDOWS /TLBID:1 /DYNAMICBASE /NXCOMPAT /IMPLIB:"U:\GitHub\GamesEngineConstruction2015-2016\GlassEngine\x64\Debug\GlassEngine.lib" /MACHINE:X64 x64\Debug\GlassEngine.res
         x64\Debug\Button.obj
         x64\Debug\Component.obj
         x64\Debug\Engine.obj
         x64\Debug\Game.obj
         x64\Debug\GameObject.obj
         x64\Debug\InputManager.obj
         x64\Debug\Level.obj
         x64\Debug\main.obj
         x64\Debug\PhysicsManager.obj
         x64\Debug\precomp.obj
         x64\Debug\Rect.obj
         x64\Debug\RenderManager.obj
         x64\Debug\Rigidbody.obj
         x64\Debug\Sprite.obj
         x64\Debug\SpriteSheet.obj
         x64\Debug\Time.obj
         x64\Debug\Transform.obj
         x64\Debug\UIManager.obj
         x64\Debug\UIObject.obj
         x64\Debug\pugixml.obj
     1>HAPI_Debug64.lib(Error.obj) : warning LNK4099: PDB 'vc120.pdb' was not found with 'HAPI_Debug64.lib(Error.obj)' or at 'U:\GitHub\GamesEngineConstruction2015-2016\GlassEngine\x64\Debug\vc120.pdb'; linking object as if no debug info
     1>HAPI_Debug64.lib(FTFont.obj) : warning LNK4099: PDB 'vc120.pdb' was not found with 'HAPI_Debug64.lib(FTFont.obj)' or at 'U:\GitHub\GamesEngineConstruction2015-2016\GlassEngine\x64\Debug\vc120.pdb'; linking object as if no debug info
     1>HAPI_Debug64.lib(FTFontManager.obj) : warning LNK4099: PDB 'vc120.pdb' was not found with 'HAPI_Debug64.lib(FTFontManager.obj)' or at 'U:\GitHub\GamesEngineConstruction2015-2016\GlassEngine\x64\Debug\vc120.pdb'; linking object as if no debug info
     1>HAPI_Debug64.lib(HapiCore.obj) : warning LNK4099: PDB 'vc120.pdb' was not found with 'HAPI_Debug64.lib(HapiCore.obj)' or at 'U:\GitHub\GamesEngineConstruction2015-2016\GlassEngine\x64\Debug\vc120.pdb'; linking object as if no debug info
     1>HAPI_Debug64.lib(HapiInputOs.obj) : warning LNK4099: PDB 'vc120.pdb' was not found with 'HAPI_Debug64.lib(HapiInputOs.obj)' or at 'U:\GitHub\GamesEngineConstruction2015-2016\GlassEngine\x64\Debug\vc120.pdb'; linking object as if no debug info
     1>HAPI_Debug64.lib(HapiMain.obj) : warning LNK4099: PDB 'vc120.pdb' was not found with 'HAPI_Debug64.lib(HapiMain.obj)' or at 'U:\GitHub\GamesEngineConstruction2015-2016\GlassEngine\x64\Debug\vc120.pdb'; linking object as if no debug info
     1>HAPI_Debug64.lib(HapiOsSDL.obj) : warning LNK4099: PDB 'vc120.pdb' was not found with 'HAPI_Debug64.lib(HapiOsSDL.obj)' or at 'U:\GitHub\GamesEngineConstruction2015-2016\GlassEngine\x64\Debug\vc120.pdb'; linking object as if no debug info
     1>HAPI_Debug64.lib(HapiRendererSDL.obj) : warning LNK4099: PDB 'vc120.pdb' was not found with 'HAPI_Debug64.lib(HapiRendererSDL.obj)' or at 'U:\GitHub\GamesEngineConstruction2015-2016\GlassEngine\x64\Debug\vc120.pdb'; linking object as if no debug info
     1>HAPI_Debug64.lib(HapiSoundSDLMixer.obj) : warning LNK4099: PDB 'vc120.pdb' was not found with 'HAPI_Debug64.lib(HapiSoundSDLMixer.obj)' or at 'U:\GitHub\GamesEngineConstruction2015-2016\GlassEngine\x64\Debug\vc120.pdb'; linking object as if no debug info
     1>HAPI_Debug64.lib(ImageLoader.obj) : warning LNK4099: PDB 'vc120.pdb' was not found with 'HAPI_Debug64.lib(ImageLoader.obj)' or at 'U:\GitHub\GamesEngineConstruction2015-2016\GlassEngine\x64\Debug\vc120.pdb'; linking object as if no debug info
     1>HAPI_Debug64.lib(PerfCounters.obj) : warning LNK4099: PDB 'vc120.pdb' was not found with 'HAPI_Debug64.lib(PerfCounters.obj)' or at 'U:\GitHub\GamesEngineConstruction2015-2016\GlassEngine\x64\Debug\vc120.pdb'; linking object as if no debug info
     1>HAPI_Debug64.lib(SDL2GameController.obj) : warning LNK4099: PDB 'vc120.pdb' was not found with 'HAPI_Debug64.lib(SDL2GameController.obj)' or at 'U:\GitHub\GamesEngineConstruction2015-2016\GlassEngine\x64\Debug\vc120.pdb'; linking object as if no debug info
     1>HAPI_Debug64.lib(stdafx.obj) : warning LNK4099: PDB 'vc120.pdb' was not found with 'HAPI_Debug64.lib(stdafx.obj)' or at 'U:\GitHub\GamesEngineConstruction2015-2016\GlassEngine\x64\Debug\vc120.pdb'; linking object as if no debug info
         GlassEngine.vcxproj -> U:\GitHub\GamesEngineConstruction2015-2016\GlassEngine\x64\Debug\GlassEngine.exe
       BscMake:
         C:\Program Files (x86)\Microsoft Visual Studio 12.0\VC\bin\bscmake.exe /nologo /o"U:\GitHub\GamesEngineConstruction2015-2016\GlassEngine\x64\Debug\GlassEngine.bsc" /n x64\Debug\Button.sbr x64\Debug\Component.sbr x64\Debug\Engine.sbr x64\Debug\Game.sbr x64\Debug\GameObject.sbr x64\Debug\InputManager.sbr x64\Debug\Level.sbr x64\Debug\main.sbr x64\Debug\PhysicsManager.sbr x64\Debug\precomp.sbr x64\Debug\Rect.sbr x64\Debug\RenderManager.sbr x64\Debug\Rigidbody.sbr x64\Debug\Sprite.sbr x64\Debug\SpriteSheet.sbr x64\Debug\Time.sbr x64\Debug\Transform.sbr x64\Debug\UIManager.sbr x64\Debug\UIObject.sbr x64\Debug\pugixml.sbr
     1>Done Building Project "U:\GitHub\GamesEngineConstruction2015-2016\GlassEngine\GlassEngine\GlassEngine.vcxproj" (Build target(s)).

Build succeeded.

Time Elapsed 00:00:43.20
